app/build/intermediates/manifest_merge_blame_file/debug/manifest-merger-blame-debug-report.txt
1<?xml version="1.0" encoding="utf-8"?>
2<manifest xmlns:android="http://schemas.android.com/apk/res/android"
3    package="com.blacpythoz.musik"
4    android:versionCode="1"
5    android:versionName="1.1.1.1" >
6
7    <uses-sdk
8        android:minSdkVersion="19"
8-->src\main\AndroidManifest.xml
9        android:targetSdkVersion="28" />
9-->src\main\AndroidManifest.xml
10
11    <uses-permission android:name="android.permission.READ_EXTERNAL_STORAGE" />
11-->src\main\AndroidManifest.xml:5:5-79
11-->src\main\AndroidManifest.xml:5:22-77
12    <uses-permission android:name="android.permission.WAKE_LOCK" />
12-->src\main\AndroidManifest.xml:6:5-67
12-->src\main\AndroidManifest.xml:6:22-65
13
14    <application
14-->src\main\AndroidManifest.xml:8:5-49:19
15        android:allowBackup="true"
15-->src\main\AndroidManifest.xml:9:9-35
16        android:appComponentFactory="android.support.v4.app.CoreComponentFactory"
16-->[com.android.support:support-compat:28.0.0] AndroidManifest.xml:22:18-91
17        android:debuggable="true"
18        android:icon="@mipmap/ic_launcher"
18-->src\main\AndroidManifest.xml:10:9-43
19        android:label="@string/app_name"
19-->src\main\AndroidManifest.xml:11:9-41
20        android:roundIcon="@mipmap/ic_launcher_round"
20-->src\main\AndroidManifest.xml:12:9-54
21        android:supportsRtl="true"
21-->src\main\AndroidManifest.xml:13:9-35
22        android:testOnly="true"
23        android:theme="@style/AppTheme" >
23-->src\main\AndroidManifest.xml:14:9-40
24        <activity android:name="com.blacpythoz.musik.activities.PermitActivity" >
24-->src\main\AndroidManifest.xml:15:9-16:20
24-->src\main\AndroidManifest.xml:15:19-60
25        </activity>
26        <activity
26-->src\main\AndroidManifest.xml:17:9-25:20
27            android:name="com.blacpythoz.musik.activities.PlayerActivity"
27-->src\main\AndroidManifest.xml:18:13-54
28            android:label="@string/player_interface_title"
28-->src\main\AndroidManifest.xml:19:13-59
29            android:theme="@style/AppTheme.NoActionBar" >
29-->src\main\AndroidManifest.xml:20:13-56
30            <intent-filter>
30-->src\main\AndroidManifest.xml:21:13-24:29
31                <action android:name="android.intent.action.MAIN" />
31-->src\main\AndroidManifest.xml:22:17-68
31-->src\main\AndroidManifest.xml:22:25-66
32
33                <category android:name="android.intent.category.LAUNCHER" />
33-->src\main\AndroidManifest.xml:23:17-76
33-->src\main\AndroidManifest.xml:23:27-74
34            </intent-filter>
35        </activity>
36        <activity
36-->src\main\AndroidManifest.xml:26:9-34:20
37            android:name="com.blacpythoz.musik.activities.SettingsActivity"
37-->src\main\AndroidManifest.xml:27:13-56
38            android:configChanges="orientation"
38-->src\main\AndroidManifest.xml:28:13-48
39            android:label="@string/title_activity_settings"
39-->src\main\AndroidManifest.xml:29:13-60
40            android:parentActivityName="com.blacpythoz.musik.activities.PlayerActivity" >
40-->src\main\AndroidManifest.xml:30:13-68
41            <meta-data
41-->src\main\AndroidManifest.xml:31:13-33:81
42                android:name="android.support.PARENT_ACTIVITY"
42-->src\main\AndroidManifest.xml:32:17-63
43                android:value="com.blacpythoz.musik.activities.PlayerActivity" />
43-->src\main\AndroidManifest.xml:33:17-79
44        </activity>
45        <activity
45-->src\main\AndroidManifest.xml:35:9-42:20
46            android:name="com.blacpythoz.musik.activities.SearchActivity"
46-->src\main\AndroidManifest.xml:36:13-54
47            android:label="@string/title_activity_search"
47-->src\main\AndroidManifest.xml:37:13-58
48            android:parentActivityName="com.blacpythoz.musik.activities.PlayerActivity" >
48-->src\main\AndroidManifest.xml:38:13-68
49            <meta-data
49-->src\main\AndroidManifest.xml:31:13-33:81
50                android:name="android.support.PARENT_ACTIVITY"
50-->src\main\AndroidManifest.xml:32:17-63
51                android:value="com.blacpythoz.musik.activities.PlayerActivity" />
51-->src\main\AndroidManifest.xml:33:17-79
52        </activity>
53
54        <service android:name="com.blacpythoz.musik.services.MusicService" />
54-->src\main\AndroidManifest.xml:44:9-57
54-->src\main\AndroidManifest.xml:44:18-55
55
56        <meta-data
56-->src\main\AndroidManifest.xml:45:9-47:57
57            android:name="preloaded_fonts"
57-->src\main\AndroidManifest.xml:46:13-43
58            android:resource="@array/preloaded_fonts" />
58-->src\main\AndroidManifest.xml:47:13-54
59    </application>
60
61</manifest>